<?xml version="1.0" encoding="UTF-8"?>
<coverage generated="1629972739509" clover="3.2.0">
  <project timestamp="1629972739509" name="All files">
    <metrics statements="88" coveredstatements="60" conditionals="14" coveredconditionals="3" methods="20" coveredmethods="13" elements="122" coveredelements="76" complexity="0" loc="88" ncloc="88" packages="1" files="3" classes="3"/>
    <file name="localStorage.js" path="C:\Users\aball\OneDrive\Desktop\Microverse\testingToDo\src\module\localStorage.js">
      <metrics statements="3" coveredstatements="2" conditionals="0" coveredconditionals="0" methods="3" coveredmethods="2"/>
      <line num="3" count="8" type="stmt"/>
      <line num="7" count="34" type="stmt"/>
      <line num="11" count="0" type="stmt"/>
    </file>
    <file name="todo.js" path="C:\Users\aball\OneDrive\Desktop\Microverse\testingToDo\src\module\todo.js">
      <metrics statements="3" coveredstatements="3" conditionals="0" coveredconditionals="0" methods="1" coveredmethods="1"/>
      <line num="3" count="2" type="stmt"/>
      <line num="4" count="2" type="stmt"/>
      <line num="5" count="2" type="stmt"/>
    </file>
    <file name="utilities.js" path="C:\Users\aball\OneDrive\Desktop\Microverse\testingToDo\src\module\utilities.js">
      <metrics statements="82" coveredstatements="55" conditionals="14" coveredconditionals="3" methods="16" coveredmethods="10"/>
      <line num="4" count="2" type="stmt"/>
      <line num="5" count="0" type="cond" truecount="0" falsecount="2"/>
      <line num="6" count="0" type="stmt"/>
      <line num="7" count="0" type="stmt"/>
      <line num="8" count="0" type="stmt"/>
      <line num="9" count="0" type="stmt"/>
      <line num="10" count="0" type="stmt"/>
      <line num="11" count="0" type="stmt"/>
      <line num="15" count="2" type="stmt"/>
      <line num="16" count="0" type="stmt"/>
      <line num="17" count="0" type="stmt"/>
      <line num="18" count="0" type="stmt"/>
      <line num="19" count="0" type="stmt"/>
      <line num="20" count="0" type="stmt"/>
      <line num="21" count="0" type="stmt"/>
      <line num="25" count="2" type="stmt"/>
      <line num="26" count="1" type="stmt"/>
      <line num="27" count="1" type="cond" truecount="1" falsecount="1"/>
      <line num="28" count="1" type="stmt"/>
      <line num="29" count="1" type="stmt"/>
      <line num="31" count="0" type="stmt"/>
      <line num="32" count="0" type="stmt"/>
      <line num="34" count="1" type="stmt"/>
      <line num="38" count="2" type="stmt"/>
      <line num="39" count="2" type="stmt"/>
      <line num="40" count="2" type="stmt"/>
      <line num="41" count="5" type="stmt"/>
      <line num="42" count="2" type="stmt"/>
      <line num="45" count="2" type="stmt"/>
      <line num="46" count="2" type="stmt"/>
      <line num="47" count="2" type="stmt"/>
      <line num="48" count="2" type="stmt"/>
      <line num="49" count="2" type="stmt"/>
      <line num="50" count="2" type="stmt"/>
      <line num="51" count="2" type="stmt"/>
      <line num="53" count="2" type="stmt"/>
      <line num="54" count="0" type="cond" truecount="0" falsecount="2"/>
      <line num="55" count="0" type="cond" truecount="0" falsecount="4"/>
      <line num="56" count="0" type="stmt"/>
      <line num="57" count="0" type="stmt"/>
      <line num="59" count="0" type="stmt"/>
      <line num="60" count="0" type="stmt"/>
      <line num="61" count="0" type="stmt"/>
      <line num="62" count="0" type="stmt"/>
      <line num="63" count="0" type="stmt"/>
      <line num="64" count="0" type="stmt"/>
      <line num="69" count="2" type="stmt"/>
      <line num="70" count="0" type="cond" truecount="0" falsecount="2"/>
      <line num="71" count="0" type="stmt"/>
      <line num="76" count="2" type="stmt"/>
      <line num="77" count="1" type="stmt"/>
      <line num="78" count="3" type="stmt"/>
      <line num="79" count="1" type="stmt"/>
      <line num="82" count="2" type="stmt"/>
      <line num="84" count="20" type="stmt"/>
      <line num="85" count="20" type="stmt"/>
      <line num="86" count="20" type="stmt"/>
      <line num="87" count="20" type="stmt"/>
      <line num="88" count="20" type="stmt"/>
      <line num="89" count="20" type="stmt"/>
      <line num="90" count="20" type="stmt"/>
      <line num="92" count="20" type="stmt"/>
      <line num="93" count="1" type="stmt"/>
      <line num="96" count="20" type="stmt"/>
      <line num="97" count="20" type="stmt"/>
      <line num="98" count="20" type="stmt"/>
      <line num="99" count="20" type="stmt"/>
      <line num="100" count="20" type="stmt"/>
      <line num="101" count="20" type="stmt"/>
      <line num="102" count="20" type="stmt"/>
      <line num="103" count="2" type="stmt"/>
      <line num="105" count="20" type="stmt"/>
      <line num="106" count="20" type="stmt"/>
      <line num="107" count="20" type="stmt"/>
      <line num="108" count="2" type="stmt"/>
      <line num="111" count="20" type="stmt"/>
      <line num="112" count="20" type="cond" truecount="2" falsecount="0"/>
      <line num="113" count="1" type="stmt"/>
      <line num="114" count="1" type="stmt"/>
      <line num="116" count="19" type="stmt"/>
      <line num="119" count="20" type="stmt"/>
      <line num="120" count="20" type="stmt"/>
    </file>
  </project>
</coverage>
