{"C:\\Users\\aball\\OneDrive\\Desktop\\Microverse\\testingToDo\\src\\module\\localStorage.js": {"path":"C:\\Users\\aball\\OneDrive\\Desktop\\Microverse\\testingToDo\\src\\module\\localStorage.js","statementMap":{"0":{"start":{"line":3,"column":4},"end":{"line":3,"column":62}},"1":{"start":{"line":7,"column":4},"end":{"line":7,"column":56}},"2":{"start":{"line":11,"column":4},"end":{"line":11,"column":31}}},"fnMap":{"0":{"name":"(anonymous_0)","decl":{"start":{"line":2,"column":2},"end":{"line":2,"column":3}},"loc":{"start":{"line":2,"column":22},"end":{"line":4,"column":3}},"line":2},"1":{"name":"(anonymous_1)","decl":{"start":{"line":6,"column":2},"end":{"line":6,"column":3}},"loc":{"start":{"line":6,"column":15},"end":{"line":8,"column":3}},"line":6},"2":{"name":"(anonymous_2)","decl":{"start":{"line":10,"column":2},"end":{"line":10,"column":3}},"loc":{"start":{"line":10,"column":19},"end":{"line":12,"column":3}},"line":10}},"branchMap":{},"s":{"0":8,"1":34,"2":0},"f":{"0":8,"1":34,"2":0},"b":{},"_coverageSchema":"1a1c01bbd47fc00a2c39e90264f33305004495a9","hash":"2e1247e6929d1ca3d64ebd0d0304d2d9ff8136ff"}
,"C:\\Users\\aball\\OneDrive\\Desktop\\Microverse\\testingToDo\\src\\module\\todo.js": {"path":"C:\\Users\\aball\\OneDrive\\Desktop\\Microverse\\testingToDo\\src\\module\\todo.js","statementMap":{"0":{"start":{"line":3,"column":4},"end":{"line":3,"column":35}},"1":{"start":{"line":4,"column":4},"end":{"line":4,"column":25}},"2":{"start":{"line":5,"column":4},"end":{"line":5,"column":22}}},"fnMap":{"0":{"name":"(anonymous_0)","decl":{"start":{"line":2,"column":2},"end":{"line":2,"column":3}},"loc":{"start":{"line":2,"column":27},"end":{"line":6,"column":3}},"line":2}},"branchMap":{},"s":{"0":2,"1":2,"2":2},"f":{"0":2},"b":{},"_coverageSchema":"1a1c01bbd47fc00a2c39e90264f33305004495a9","hash":"bccdb40b4372d45ff9e318c70d69faa7d8495176"}
,"C:\\Users\\aball\\OneDrive\\Desktop\\Microverse\\testingToDo\\src\\module\\utilities.js": {"path":"C:\\Users\\aball\\OneDrive\\Desktop\\Microverse\\testingToDo\\src\\module\\utilities.js","statementMap":{"0":{"start":{"line":4,"column":16},"end":{"line":12,"column":1}},"1":{"start":{"line":5,"column":18},"end":{"line":5,"column":63}},"2":{"start":{"line":6,"column":18},"end":{"line":6,"column":47}},"3":{"start":{"line":7,"column":2},"end":{"line":7,"column":55}},"4":{"start":{"line":8,"column":2},"end":{"line":8,"column":61}},"5":{"start":{"line":9,"column":15},"end":{"line":9,"column":45}},"6":{"start":{"line":10,"column":2},"end":{"line":10,"column":23}},"7":{"start":{"line":11,"column":2},"end":{"line":11,"column":43}},"8":{"start":{"line":11,"column":19},"end":{"line":11,"column":35}},"9":{"start":{"line":15,"column":14},"end":{"line":22,"column":1}},"10":{"start":{"line":16,"column":16},"end":{"line":16,"column":45}},"11":{"start":{"line":17,"column":2},"end":{"line":17,"column":55}},"12":{"start":{"line":18,"column":2},"end":{"line":18,"column":56}},"13":{"start":{"line":19,"column":15},"end":{"line":19,"column":45}},"14":{"start":{"line":20,"column":2},"end":{"line":20,"column":21}},"15":{"start":{"line":21,"column":2},"end":{"line":21,"column":41}},"16":{"start":{"line":21,"column":19},"end":{"line":21,"column":33}},"17":{"start":{"line":25,"column":16},"end":{"line":35,"column":1}},"18":{"start":{"line":26,"column":20},"end":{"line":26,"column":33}},"19":{"start":{"line":27,"column":2},"end":{"line":33,"column":3}},"20":{"start":{"line":28,"column":4},"end":{"line":28,"column":36}},"21":{"start":{"line":29,"column":4},"end":{"line":29,"column":78}},"22":{"start":{"line":31,"column":4},"end":{"line":31,"column":37}},"23":{"start":{"line":32,"column":4},"end":{"line":32,"column":65}},"24":{"start":{"line":34,"column":2},"end":{"line":34,"column":25}},"25":{"start":{"line":38,"column":18},"end":{"line":43,"column":1}},"26":{"start":{"line":39,"column":2},"end":{"line":39,"column":31}},"27":{"start":{"line":40,"column":16},"end":{"line":40,"column":29}},"28":{"start":{"line":41,"column":2},"end":{"line":41,"column":59}},"29":{"start":{"line":41,"column":37},"end":{"line":41,"column":57}},"30":{"start":{"line":42,"column":2},"end":{"line":42,"column":23}},"31":{"start":{"line":45,"column":19},"end":{"line":74,"column":1}},"32":{"start":{"line":46,"column":26},"end":{"line":46,"column":59}},"33":{"start":{"line":47,"column":16},"end":{"line":47,"column":59}},"34":{"start":{"line":48,"column":27},"end":{"line":48,"column":58}},"35":{"start":{"line":49,"column":2},"end":{"line":49,"column":43}},"36":{"start":{"line":50,"column":2},"end":{"line":50,"column":47}},"37":{"start":{"line":51,"column":2},"end":{"line":51,"column":53}},"38":{"start":{"line":53,"column":2},"end":{"line":67,"column":5}},"39":{"start":{"line":54,"column":4},"end":{"line":66,"column":5}},"40":{"start":{"line":55,"column":6},"end":{"line":65,"column":7}},"41":{"start":{"line":56,"column":8},"end":{"line":56,"column":34}},"42":{"start":{"line":57,"column":8},"end":{"line":57,"column":16}},"43":{"start":{"line":59,"column":8},"end":{"line":59,"column":59}},"44":{"start":{"line":60,"column":8},"end":{"line":60,"column":34}},"45":{"start":{"line":61,"column":8},"end":{"line":61,"column":26}},"46":{"start":{"line":62,"column":24},"end":{"line":62,"column":37}},"47":{"start":{"line":63,"column":8},"end":{"line":63,"column":63}},"48":{"start":{"line":64,"column":8},"end":{"line":64,"column":29}},"49":{"start":{"line":69,"column":2},"end":{"line":73,"column":5}},"50":{"start":{"line":70,"column":4},"end":{"line":72,"column":5}},"51":{"start":{"line":71,"column":6},"end":{"line":71,"column":24}},"52":{"start":{"line":76,"column":27},"end":{"line":80,"column":1}},"53":{"start":{"line":77,"column":16},"end":{"line":77,"column":29}},"54":{"start":{"line":78,"column":2},"end":{"line":78,"column":60}},"55":{"start":{"line":78,"column":37},"end":{"line":78,"column":58}},"56":{"start":{"line":79,"column":2},"end":{"line":79,"column":23}},"57":{"start":{"line":82,"column":21},"end":{"line":121,"column":1}},"58":{"start":{"line":84,"column":13},"end":{"line":84,"column":41}},"59":{"start":{"line":85,"column":19},"end":{"line":85,"column":50}},"60":{"start":{"line":86,"column":22},"end":{"line":86,"column":50}},"61":{"start":{"line":87,"column":18},"end":{"line":87,"column":50}},"62":{"start":{"line":88,"column":23},"end":{"line":88,"column":55}},"63":{"start":{"line":89,"column":2},"end":{"line":89,"column":29}},"64":{"start":{"line":90,"column":2},"end":{"line":90,"column":42}},"65":{"start":{"line":92,"column":2},"end":{"line":94,"column":5}},"66":{"start":{"line":93,"column":4},"end":{"line":93,"column":22}},"67":{"start":{"line":96,"column":2},"end":{"line":96,"column":36}},"68":{"start":{"line":97,"column":2},"end":{"line":97,"column":39}},"69":{"start":{"line":98,"column":2},"end":{"line":98,"column":87}},"70":{"start":{"line":99,"column":2},"end":{"line":99,"column":31}},"71":{"start":{"line":100,"column":2},"end":{"line":100,"column":31}},"72":{"start":{"line":101,"column":2},"end":{"line":101,"column":45}},"73":{"start":{"line":102,"column":2},"end":{"line":104,"column":5}},"74":{"start":{"line":103,"column":4},"end":{"line":103,"column":24}},"75":{"start":{"line":105,"column":2},"end":{"line":105,"column":37}},"76":{"start":{"line":106,"column":2},"end":{"line":106,"column":29}},"77":{"start":{"line":107,"column":2},"end":{"line":109,"column":5}},"78":{"start":{"line":108,"column":4},"end":{"line":108,"column":18}},"79":{"start":{"line":111,"column":18},"end":{"line":111,"column":31}},"80":{"start":{"line":112,"column":2},"end":{"line":117,"column":3}},"81":{"start":{"line":113,"column":4},"end":{"line":113,"column":57}},"82":{"start":{"line":114,"column":4},"end":{"line":114,"column":28}},"83":{"start":{"line":116,"column":4},"end":{"line":116,"column":44}},"84":{"start":{"line":119,"column":2},"end":{"line":119,"column":58}},"85":{"start":{"line":120,"column":2},"end":{"line":120,"column":12}}},"fnMap":{"0":{"name":"(anonymous_0)","decl":{"start":{"line":4,"column":16},"end":{"line":4,"column":17}},"loc":{"start":{"line":4,"column":30},"end":{"line":12,"column":1}},"line":4},"1":{"name":"(anonymous_1)","decl":{"start":{"line":11,"column":13},"end":{"line":11,"column":14}},"loc":{"start":{"line":11,"column":19},"end":{"line":11,"column":35}},"line":11},"2":{"name":"(anonymous_2)","decl":{"start":{"line":15,"column":14},"end":{"line":15,"column":15}},"loc":{"start":{"line":15,"column":20},"end":{"line":22,"column":1}},"line":15},"3":{"name":"(anonymous_3)","decl":{"start":{"line":21,"column":13},"end":{"line":21,"column":14}},"loc":{"start":{"line":21,"column":19},"end":{"line":21,"column":33}},"line":21},"4":{"name":"(anonymous_4)","decl":{"start":{"line":25,"column":16},"end":{"line":25,"column":17}},"loc":{"start":{"line":25,"column":30},"end":{"line":35,"column":1}},"line":25},"5":{"name":"(anonymous_5)","decl":{"start":{"line":38,"column":18},"end":{"line":38,"column":19}},"loc":{"start":{"line":38,"column":32},"end":{"line":43,"column":1}},"line":38},"6":{"name":"(anonymous_6)","decl":{"start":{"line":41,"column":27},"end":{"line":41,"column":28}},"loc":{"start":{"line":41,"column":37},"end":{"line":41,"column":57}},"line":41},"7":{"name":"(anonymous_7)","decl":{"start":{"line":45,"column":19},"end":{"line":45,"column":20}},"loc":{"start":{"line":45,"column":26},"end":{"line":74,"column":1}},"line":45},"8":{"name":"(anonymous_8)","decl":{"start":{"line":53,"column":48},"end":{"line":53,"column":49}},"loc":{"start":{"line":53,"column":55},"end":{"line":67,"column":3}},"line":53},"9":{"name":"(anonymous_9)","decl":{"start":{"line":69,"column":48},"end":{"line":69,"column":49}},"loc":{"start":{"line":69,"column":55},"end":{"line":73,"column":3}},"line":69},"10":{"name":"(anonymous_10)","decl":{"start":{"line":76,"column":27},"end":{"line":76,"column":28}},"loc":{"start":{"line":76,"column":33},"end":{"line":80,"column":1}},"line":76},"11":{"name":"(anonymous_11)","decl":{"start":{"line":78,"column":27},"end":{"line":78,"column":28}},"loc":{"start":{"line":78,"column":37},"end":{"line":78,"column":58}},"line":78},"12":{"name":"(anonymous_12)","decl":{"start":{"line":82,"column":21},"end":{"line":82,"column":22}},"loc":{"start":{"line":82,"column":49},"end":{"line":121,"column":1}},"line":82},"13":{"name":"(anonymous_13)","decl":{"start":{"line":92,"column":37},"end":{"line":92,"column":38}},"loc":{"start":{"line":92,"column":44},"end":{"line":94,"column":3}},"line":92},"14":{"name":"(anonymous_14)","decl":{"start":{"line":102,"column":41},"end":{"line":102,"column":42}},"loc":{"start":{"line":102,"column":48},"end":{"line":104,"column":3}},"line":102},"15":{"name":"(anonymous_15)","decl":{"start":{"line":107,"column":36},"end":{"line":107,"column":37}},"loc":{"start":{"line":107,"column":43},"end":{"line":109,"column":3}},"line":107}},"branchMap":{"0":{"loc":{"start":{"line":5,"column":18},"end":{"line":5,"column":63}},"type":"cond-expr","locations":[{"start":{"line":5,"column":43},"end":{"line":5,"column":52}},{"start":{"line":5,"column":55},"end":{"line":5,"column":63}}],"line":5},"1":{"loc":{"start":{"line":27,"column":2},"end":{"line":33,"column":3}},"type":"if","locations":[{"start":{"line":27,"column":2},"end":{"line":33,"column":3}},{"start":{"line":27,"column":2},"end":{"line":33,"column":3}}],"line":27},"2":{"loc":{"start":{"line":54,"column":4},"end":{"line":66,"column":5}},"type":"if","locations":[{"start":{"line":54,"column":4},"end":{"line":66,"column":5}},{"start":{"line":54,"column":4},"end":{"line":66,"column":5}}],"line":54},"3":{"loc":{"start":{"line":55,"column":6},"end":{"line":65,"column":7}},"type":"if","locations":[{"start":{"line":55,"column":6},"end":{"line":65,"column":7}},{"start":{"line":55,"column":6},"end":{"line":65,"column":7}}],"line":55},"4":{"loc":{"start":{"line":55,"column":10},"end":{"line":55,"column":85}},"type":"binary-expr","locations":[{"start":{"line":55,"column":10},"end":{"line":55,"column":46}},{"start":{"line":55,"column":50},"end":{"line":55,"column":85}}],"line":55},"5":{"loc":{"start":{"line":70,"column":4},"end":{"line":72,"column":5}},"type":"if","locations":[{"start":{"line":70,"column":4},"end":{"line":72,"column":5}},{"start":{"line":70,"column":4},"end":{"line":72,"column":5}}],"line":70},"6":{"loc":{"start":{"line":112,"column":2},"end":{"line":117,"column":3}},"type":"if","locations":[{"start":{"line":112,"column":2},"end":{"line":117,"column":3}},{"start":{"line":112,"column":2},"end":{"line":117,"column":3}}],"line":112}},"s":{"0":2,"1":0,"2":0,"3":0,"4":0,"5":0,"6":0,"7":0,"8":0,"9":2,"10":0,"11":0,"12":0,"13":0,"14":0,"15":0,"16":0,"17":2,"18":1,"19":1,"20":1,"21":1,"22":0,"23":0,"24":1,"25":2,"26":2,"27":2,"28":2,"29":5,"30":2,"31":2,"32":2,"33":2,"34":2,"35":2,"36":2,"37":2,"38":2,"39":0,"40":0,"41":0,"42":0,"43":0,"44":0,"45":0,"46":0,"47":0,"48":0,"49":2,"50":0,"51":0,"52":2,"53":1,"54":1,"55":3,"56":1,"57":2,"58":20,"59":20,"60":20,"61":20,"62":20,"63":20,"64":20,"65":20,"66":1,"67":20,"68":20,"69":20,"70":20,"71":20,"72":20,"73":20,"74":2,"75":20,"76":20,"77":20,"78":2,"79":20,"80":20,"81":1,"82":1,"83":19,"84":20,"85":20},"f":{"0":0,"1":0,"2":0,"3":0,"4":1,"5":2,"6":5,"7":2,"8":0,"9":0,"10":1,"11":3,"12":20,"13":1,"14":2,"15":2},"b":{"0":[0,0],"1":[1,0],"2":[0,0],"3":[0,0],"4":[0,0],"5":[0,0],"6":[1,19]},"_coverageSchema":"1a1c01bbd47fc00a2c39e90264f33305004495a9","hash":"1c48ed4f0b1cab8d55b760aa7d77d9312a873f7f"}
}
